Added Component: Designator=P1(MHDR2X20)
Add component. Clean all parameters for all variants
Add component (AddParameter): Name = "LatestRevisionDate"; Value = "17-Jul-2002"; VariantName = "[No Variations]"
Add component (AddParameter): Name = "LatestRevisionNote"; Value = "Re-released for DXP Platform."; VariantName = "[No Variations]"
Add component (AddParameter): Name = "Publisher"; Value = "Altium Limited"; VariantName = "[No Variations]"
Added Component: Designator=RF1(RFD900X_HS_U)
Add component. Clean all parameters for all variants
Added Pin To Net: NetName=+5 Pin=P1-2
Added Pin To Net: NetName=+5 Pin=P1-4
Added Pin To Net: NetName=+5 Pin=RF1-4
Added Net: Name=+5
Added Pin To Net: NetName=GND Pin=P1-6
Added Pin To Net: NetName=GND Pin=P1-9
Added Pin To Net: NetName=GND Pin=P1-14
Added Pin To Net: NetName=GND Pin=P1-20
Added Pin To Net: NetName=GND Pin=P1-25
Added Pin To Net: NetName=GND Pin=P1-30
Added Pin To Net: NetName=GND Pin=P1-34
Added Pin To Net: NetName=GND Pin=P1-39
Added Pin To Net: NetName=GND Pin=RF1-1
Added Pin To Net: NetName=GND Pin=RF1-2
Added Pin To Net: NetName=GND Pin=RF1-16
Added Net: Name=GND
Added Pin To Net: NetName=UART_RX Pin=P1-10
Added Pin To Net: NetName=UART_RX Pin=RF1-9
Added Net: Name=UART_RX
Added Pin To Net: NetName=UART_TX Pin=P1-8
Added Pin To Net: NetName=UART_TX Pin=RF1-7
Added Net: Name=UART_TX
Added Pin To Net: NetName=VCC Pin=P1-1
Added Pin To Net: NetName=VCC Pin=P1-17
Added Net: Name=VCC
Added Class: Name=Pit-RFD
Added Room: Name=Pit-RFD
